[2022-04-07  13:55:28] INFO main/main.c Icecast 2.4.4 server started
[2022-04-07  13:55:28] INFO yp/yp.c YP update thread started
[2022-04-07  13:55:28] INFO connection/connection.c No SSL capability on any configured ports
[2022-04-07  13:55:59] INFO main/main.c Icecast 2.4.4 server started
[2022-04-07  13:55:59] INFO yp/yp.c YP update thread started
[2022-04-07  13:55:59] INFO connection/connection.c No SSL capability on any configured ports
[2022-04-07  13:56:15] INFO fserve/fserve.c checking for file /style.css (./web/style.css)
[2022-04-07  13:56:15] INFO fserve/fserve.c checking for file /icecast.png (./web/icecast.png)
[2022-04-07  13:56:15] INFO fserve/fserve.c checking for file /favicon.ico (./web/favicon.ico)
[2022-04-07  13:56:15] WARN fserve/fserve.c req for file "./web/favicon.ico" No such file or directory
[2022-04-07  13:56:23] INFO admin/admin.c Bad or missing password on admin command request (command: )
[2022-04-07  13:56:32] INFO admin/admin.c Bad or missing password on admin command request (command: )
[2022-04-07  13:56:37] INFO admin/admin.c Bad or missing password on admin command request (command: )
[2022-04-07  13:56:42] INFO admin/admin.c Bad or missing password on admin command request (command: )
[2022-04-07  13:56:53] INFO fserve/fserve.c checking for file /style.css (./web/style.css)
[2022-04-07  13:56:57] INFO fserve/fserve.c checking for file /style.css (./web/style.css)
[2022-04-07  14:02:57] INFO fserve/fserve.c checking for file /style.css (./web/style.css)
[2022-04-07  14:02:57] INFO fserve/fserve.c checking for file /style.css (./web/style.css)
[2022-04-07  14:02:59] INFO fserve/fserve.c checking for file /style.css (./web/style.css)
[2022-04-07  14:02:59] INFO fserve/fserve.c checking for file /icecast.png (./web/icecast.png)
[2022-04-07  14:03:02] INFO fserve/fserve.c checking for file /style.css (./web/style.css)
[2022-04-07  14:03:02] INFO fserve/fserve.c checking for file /icecast.png (./web/icecast.png)
[2022-04-07  14:03:02] INFO fserve/fserve.c checking for file /style.css (./web/style.css)
[2022-04-07  14:06:37] INFO fserve/fserve.c checking for file /stream (./web/stream)
[2022-04-07  14:06:37] WARN fserve/fserve.c req for file "./web/stream" No such file or directory
[2022-04-07  14:26:08] INFO connection/connection.c Source logging in at mountpoint "/stream" from 127.0.0.1
[2022-04-07  14:26:08] WARN connection/connection.c OS doesn't support case insenestive substring checks...
[2022-04-07  14:26:08] INFO format-flac/format_flac.c seen initial FLAC header
[2022-04-07  14:26:08] INFO source/source.c listener count on /stream now 0
[2022-04-07  14:26:14] INFO source/source.c listener count on /stream now 1
[2022-04-07  14:26:14] INFO source/source.c listener count on /stream now 2
[2022-04-07  14:26:19] WARN source/source.c Disconnecting source due to socket timeout
[2022-04-07  14:26:19] INFO source/source.c Source from 127.0.0.1 at "/stream" exiting
[2022-04-07  14:26:19] INFO source/source.c 2 active listeners on /stream released
[2022-04-07  14:26:19] EROR refbuf/refbuf.c next not null
[2022-04-07  14:26:28] INFO fserve/fserve.c checking for file /stream (./web/stream)
[2022-04-07  14:26:28] WARN fserve/fserve.c req for file "./web/stream" No such file or directory
[2022-04-07  14:26:31] INFO fserve/fserve.c checking for file /stream (./web/stream)
[2022-04-07  14:26:31] WARN fserve/fserve.c req for file "./web/stream" No such file or directory
[2022-04-07  14:26:37] INFO fserve/fserve.c checking for file /stream (./web/stream)
[2022-04-07  14:26:37] WARN fserve/fserve.c req for file "./web/stream" No such file or directory
[2022-04-07  14:26:38] INFO fserve/fserve.c checking for file /stream (./web/stream)
[2022-04-07  14:26:38] WARN fserve/fserve.c req for file "./web/stream" No such file or directory
[2022-04-07  14:26:38] INFO fserve/fserve.c checking for file /stream (./web/stream)
[2022-04-07  14:26:38] WARN fserve/fserve.c req for file "./web/stream" No such file or directory
[2022-04-07  14:26:42] INFO fserve/fserve.c checking for file /stream (./web/stream)
[2022-04-07  14:26:42] WARN fserve/fserve.c req for file "./web/stream" No such file or directory
[2022-04-07  14:26:43] INFO fserve/fserve.c checking for file /stream (./web/stream)
[2022-04-07  14:26:43] WARN fserve/fserve.c req for file "./web/stream" No such file or directory
[2022-04-07  14:26:52] INFO fserve/fserve.c checking for file /stream (./web/stream)
[2022-04-07  14:26:52] WARN fserve/fserve.c req for file "./web/stream" No such file or directory
[2022-04-07  14:26:53] INFO fserve/fserve.c checking for file /stream (./web/stream)
[2022-04-07  14:26:53] WARN fserve/fserve.c req for file "./web/stream" No such file or directory
[2022-04-07  14:26:53] INFO fserve/fserve.c checking for file /stream (./web/stream)
[2022-04-07  14:26:53] WARN fserve/fserve.c req for file "./web/stream" No such file or directory
[2022-04-07  14:26:53] INFO fserve/fserve.c checking for file /stream (./web/stream)
[2022-04-07  14:26:53] WARN fserve/fserve.c req for file "./web/stream" No such file or directory
[2022-04-07  14:26:54] INFO fserve/fserve.c checking for file /stream (./web/stream)
[2022-04-07  14:26:54] WARN fserve/fserve.c req for file "./web/stream" No such file or directory
[2022-04-07  14:26:54] INFO fserve/fserve.c checking for file /stream (./web/stream)
[2022-04-07  14:26:54] WARN fserve/fserve.c req for file "./web/stream" No such file or directory
[2022-04-07  14:27:08] INFO fserve/fserve.c checking for file /stream (./web/stream)
[2022-04-07  14:27:08] WARN fserve/fserve.c req for file "./web/stream" No such file or directory
[2022-04-07  14:27:11] INFO fserve/fserve.c checking for file /style.css (./web/style.css)
[2022-04-07  14:27:11] INFO fserve/fserve.c checking for file /icecast.png (./web/icecast.png)
[2022-04-07  14:27:19] INFO connection/connection.c Source logging in at mountpoint "/stream" from 127.0.0.1
[2022-04-07  14:27:19] WARN connection/connection.c OS doesn't support case insenestive substring checks...
[2022-04-07  14:27:19] INFO format-flac/format_flac.c seen initial FLAC header
[2022-04-07  14:27:19] INFO source/source.c listener count on /stream now 0
[2022-04-07  14:27:24] INFO source/source.c listener count on /stream now 1
[2022-04-07  14:27:24] INFO source/source.c listener count on /stream now 2
[2022-04-07  14:27:30] WARN source/source.c Disconnecting source due to socket timeout
[2022-04-07  14:27:30] INFO source/source.c Source from 127.0.0.1 at "/stream" exiting
[2022-04-07  14:27:30] INFO source/source.c 2 active listeners on /stream released
[2022-04-07  14:27:30] EROR refbuf/refbuf.c next not null
[2022-04-07  14:27:48] INFO fserve/fserve.c checking for file /stream (./web/stream)
[2022-04-07  14:27:48] WARN fserve/fserve.c req for file "./web/stream" No such file or directory
[2022-04-07  14:27:50] INFO fserve/fserve.c checking for file /stream (./web/stream)
[2022-04-07  14:27:50] WARN fserve/fserve.c req for file "./web/stream" No such file or directory
[2022-04-07  14:27:50] INFO fserve/fserve.c checking for file /stream (./web/stream)
[2022-04-07  14:27:50] WARN fserve/fserve.c req for file "./web/stream" No such file or directory
[2022-04-07  14:27:50] INFO fserve/fserve.c checking for file /stream (./web/stream)
[2022-04-07  14:27:50] WARN fserve/fserve.c req for file "./web/stream" No such file or directory
[2022-04-07  14:31:52] INFO connection/connection.c Source logging in at mountpoint "/stream.ogg" from 127.0.0.1
[2022-04-07  14:31:52] WARN connection/connection.c OS doesn't support case insenestive substring checks...
[2022-04-07  14:31:52] INFO format-flac/format_flac.c seen initial FLAC header
[2022-04-07  14:31:52] INFO source/source.c listener count on /stream.ogg now 0
[2022-04-07  14:31:56] INFO source/source.c listener count on /stream.ogg now 1
[2022-04-07  14:31:56] INFO source/source.c listener count on /stream.ogg now 2
[2022-04-07  14:32:03] WARN source/source.c Disconnecting source due to socket timeout
[2022-04-07  14:32:03] INFO source/source.c Source from 127.0.0.1 at "/stream.ogg" exiting
[2022-04-07  14:32:03] INFO source/source.c 2 active listeners on /stream.ogg released
[2022-04-07  14:32:03] EROR refbuf/refbuf.c next not null
[2022-04-07  14:35:00] INFO fserve/fserve.c checking for file /style.css (./web/style.css)
[2022-04-07  14:35:01] INFO fserve/fserve.c checking for file /style.css (./web/style.css)
[2022-04-07  14:35:02] INFO fserve/fserve.c checking for file /style.css (./web/style.css)
[2022-04-07  14:35:07] INFO fserve/fserve.c checking for file /style.css (./web/style.css)
[2022-04-07  14:35:09] INFO fserve/fserve.c checking for file /style.css (./web/style.css)
[2022-04-07  14:35:09] INFO fserve/fserve.c checking for file /icecast.png (./web/icecast.png)
[2022-04-07  14:35:11] INFO fserve/fserve.c checking for file /style.css (./web/style.css)
[2022-04-07  14:35:14] INFO fserve/fserve.c checking for file /style.css (./web/style.css)
[2022-04-07  14:35:14] INFO fserve/fserve.c checking for file /style.css (./web/style.css)
[2022-04-07  14:35:14] INFO fserve/fserve.c checking for file /icecast.png (./web/icecast.png)
[2022-04-07  14:35:20] INFO fserve/fserve.c checking for file /style.css (./web/style.css)
[2022-04-07  14:35:26] INFO fserve/fserve.c checking for file /style.css (./web/style.css)
[2022-04-07  14:35:28] INFO fserve/fserve.c checking for file /style.css (./web/style.css)
[2022-04-07  14:35:29] INFO fserve/fserve.c checking for file /icecast.png (./web/icecast.png)
[2022-04-07  14:36:22] INFO connection/connection.c Source logging in at mountpoint "/live.ts" from 127.0.0.1
[2022-04-07  14:36:22] WARN connection/connection.c OS doesn't support case insenestive substring checks...
[2022-04-07  14:36:22] INFO format-flac/format_flac.c seen initial FLAC header
[2022-04-07  14:36:22] INFO source/source.c listener count on /live.ts now 0
[2022-04-07  14:36:27] INFO fserve/fserve.c checking for file /style.css (./web/style.css)
[2022-04-07  14:36:27] INFO fserve/fserve.c checking for file /icecast.png (./web/icecast.png)
[2022-04-07  14:36:27] INFO fserve/fserve.c checking for file /tunein.png (./web/tunein.png)
[2022-04-07  14:36:33] WARN source/source.c Disconnecting source due to socket timeout
[2022-04-07  14:36:33] INFO source/source.c Source from 127.0.0.1 at "/live.ts" exiting
[2022-04-07  14:36:33] EROR refbuf/refbuf.c next not null
[2022-04-07  14:36:37] INFO fserve/fserve.c checking for file /live.ts (./web/live.ts)
[2022-04-07  14:36:37] WARN fserve/fserve.c req for file "./web/live.ts" No such file or directory
[2022-04-07  14:36:56] INFO fserve/fserve.c checking for file /live.ts (./web/live.ts)
[2022-04-07  14:36:56] WARN fserve/fserve.c req for file "./web/live.ts" No such file or directory
[2022-04-07  14:36:58] INFO fserve/fserve.c checking for file /style.css (./web/style.css)
[2022-04-07  14:37:00] INFO fserve/fserve.c checking for file /style.css (./web/style.css)
[2022-04-07  14:37:02] INFO fserve/fserve.c checking for file /style.css (./web/style.css)
[2022-04-07  14:37:03] INFO fserve/fserve.c checking for file /style.css (./web/style.css)
[2022-04-07  14:37:03] INFO fserve/fserve.c checking for file /icecast.png (./web/icecast.png)
[2022-04-07  14:37:05] INFO fserve/fserve.c checking for file /style.css (./web/style.css)
[2022-04-07  14:37:06] INFO fserve/fserve.c checking for file /icecast.png (./web/icecast.png)
[2022-04-07  14:37:11] INFO fserve/fserve.c checking for file /style.css (./web/style.css)
[2022-04-07  14:37:11] INFO fserve/fserve.c checking for file /icecast.png (./web/icecast.png)
[2022-04-07  14:37:11] INFO fserve/fserve.c checking for file /style.css (./web/style.css)
[2022-04-07  14:37:12] INFO fserve/fserve.c checking for file /icecast.png (./web/icecast.png)
[2022-04-07  14:37:16] INFO connection/connection.c Source logging in at mountpoint "/live.ts" from 127.0.0.1
[2022-04-07  14:37:16] WARN connection/connection.c OS doesn't support case insenestive substring checks...
[2022-04-07  14:37:16] INFO format-flac/format_flac.c seen initial FLAC header
[2022-04-07  14:37:16] INFO source/source.c listener count on /live.ts now 0
[2022-04-07  14:37:18] INFO fserve/fserve.c checking for file /style.css (./web/style.css)
[2022-04-07  14:37:18] INFO fserve/fserve.c checking for file /icecast.png (./web/icecast.png)
[2022-04-07  14:37:18] INFO fserve/fserve.c checking for file /tunein.png (./web/tunein.png)
[2022-04-07  14:37:27] WARN source/source.c Disconnecting source due to socket timeout
[2022-04-07  14:37:27] INFO source/source.c Source from 127.0.0.1 at "/live.ts" exiting
[2022-04-07  14:37:27] EROR refbuf/refbuf.c next not null
[2022-04-07  14:37:41] INFO fserve/fserve.c checking for file /live.ts.m3u (./web/live.ts.m3u)
[2022-04-07  14:38:18] INFO fserve/fserve.c checking for file /live.ts (./web/live.ts)
[2022-04-07  14:38:18] WARN fserve/fserve.c req for file "./web/live.ts" No such file or directory
[2022-04-07  14:38:20] INFO fserve/fserve.c checking for file /live.ts (./web/live.ts)
[2022-04-07  14:38:20] WARN fserve/fserve.c req for file "./web/live.ts" No such file or directory
[2022-04-07  14:38:51] INFO fserve/fserve.c checking for file /style.css (./web/style.css)
[2022-04-07  14:38:51] INFO fserve/fserve.c checking for file /icecast.png (./web/icecast.png)
[2022-04-07  14:39:46] INFO fserve/fserve.c checking for file /live.ts (./web/live.ts)
[2022-04-07  14:39:46] WARN fserve/fserve.c req for file "./web/live.ts" No such file or directory
[2022-04-07  14:39:48] INFO fserve/fserve.c checking for file /live.ts (./web/live.ts)
[2022-04-07  14:39:48] WARN fserve/fserve.c req for file "./web/live.ts" No such file or directory
[2022-04-07  14:39:57] INFO connection/connection.c Source logging in at mountpoint "/live.ts" from 127.0.0.1
[2022-04-07  14:39:57] WARN connection/connection.c OS doesn't support case insenestive substring checks...
[2022-04-07  14:39:57] INFO format-flac/format_flac.c seen initial FLAC header
[2022-04-07  14:39:58] INFO source/source.c listener count on /live.ts now 0
[2022-04-07  14:40:06] INFO source/source.c listener count on /live.ts now 1
[2022-04-07  14:40:08] WARN source/source.c Disconnecting source due to socket timeout
[2022-04-07  14:40:08] INFO source/source.c Source from 127.0.0.1 at "/live.ts" exiting
[2022-04-07  14:40:08] INFO source/source.c 1 active listeners on /live.ts released
[2022-04-07  14:40:08] EROR refbuf/refbuf.c next not null
[2022-04-07  14:42:50] INFO fserve/fserve.c checking for file /live.ts (./web/live.ts)
[2022-04-07  14:42:50] WARN fserve/fserve.c req for file "./web/live.ts" No such file or directory
[2022-04-07  14:42:52] INFO fserve/fserve.c checking for file /live.ts (./web/live.ts)
[2022-04-07  14:42:52] WARN fserve/fserve.c req for file "./web/live.ts" No such file or directory
[2022-04-07  14:45:52] INFO connection/connection.c Source logging in at mountpoint "/live.ts" from 127.0.0.1
[2022-04-07  14:45:52] WARN format/format.c Unsupported or legacy stream type: "video/mp4". Falling back to generic minimal handler for best effort.
[2022-04-07  14:45:52] WARN connection/connection.c OS doesn't support case insenestive substring checks...
[2022-04-07  14:45:52] WARN stats/stats.c No charset found for "ISO8859-1"
[2022-04-07  14:45:52] WARN stats/stats.c No charset found for "ISO8859-1"
[2022-04-07  14:45:52] WARN stats/stats.c No charset found for "ISO8859-1"
[2022-04-07  14:45:52] INFO source/source.c listener count on /live.ts now 0
[2022-04-07  14:46:04] INFO fserve/fserve.c checking for file /style.css (./web/style.css)
[2022-04-07  14:46:05] INFO fserve/fserve.c checking for file /style.css (./web/style.css)
[2022-04-07  14:46:05] INFO fserve/fserve.c checking for file /icecast.png (./web/icecast.png)
[2022-04-07  14:46:05] INFO fserve/fserve.c checking for file /tunein.png (./web/tunein.png)
[2022-04-07  14:46:10] INFO fserve/fserve.c checking for file /style.css (./web/style.css)
[2022-04-07  14:46:10] INFO fserve/fserve.c checking for file /icecast.png (./web/icecast.png)
[2022-04-07  14:46:10] INFO fserve/fserve.c checking for file /tunein.png (./web/tunein.png)
[2022-04-07  14:46:11] INFO fserve/fserve.c checking for file /style.css (./web/style.css)
[2022-04-07  14:46:11] INFO fserve/fserve.c checking for file /icecast.png (./web/icecast.png)
[2022-04-07  14:46:11] INFO fserve/fserve.c checking for file /tunein.png (./web/tunein.png)
[2022-04-07  14:46:12] INFO fserve/fserve.c checking for file /style.css (./web/style.css)
[2022-04-07  14:46:12] INFO fserve/fserve.c checking for file /icecast.png (./web/icecast.png)
[2022-04-07  14:46:12] INFO fserve/fserve.c checking for file /tunein.png (./web/tunein.png)
[2022-04-07  14:46:28] INFO source/source.c listener count on /live.ts now 1
[2022-04-07  14:47:22] INFO fserve/fserve.c checking for file /style.css (./web/style.css)
[2022-04-07  14:47:22] INFO fserve/fserve.c checking for file /icecast.png (./web/icecast.png)
[2022-04-07  14:47:23] INFO fserve/fserve.c checking for file /tunein.png (./web/tunein.png)
[2022-04-07  14:48:39] INFO source/source.c listener count on /live.ts now 2
[2022-04-07  14:51:31] INFO fserve/fserve.c checking for file /style.css (./web/style.css)
[2022-04-07  14:51:31] INFO fserve/fserve.c checking for file /icecast.png (./web/icecast.png)
[2022-04-07  14:51:31] INFO fserve/fserve.c checking for file /tunein.png (./web/tunein.png)
[2022-04-07  14:53:30] INFO fserve/fserve.c checking for file /style.css (./web/style.css)
[2022-04-07  14:53:30] INFO fserve/fserve.c checking for file /icecast.png (./web/icecast.png)
[2022-04-07  14:53:30] INFO fserve/fserve.c checking for file /tunein.png (./web/tunein.png)
[2022-04-07  14:53:33] INFO fserve/fserve.c checking for file /style.css (./web/style.css)
[2022-04-07  14:53:33] INFO fserve/fserve.c checking for file /icecast.png (./web/icecast.png)
[2022-04-07  14:53:36] INFO fserve/fserve.c checking for file /style.css (./web/style.css)
[2022-04-07  14:53:36] INFO fserve/fserve.c checking for file /icecast.png (./web/icecast.png)
[2022-04-07  14:53:36] INFO fserve/fserve.c checking for file /tunein.png (./web/tunein.png)
[2022-04-07  14:53:37] INFO fserve/fserve.c checking for file /style.css (./web/style.css)
[2022-04-07  14:53:37] INFO fserve/fserve.c checking for file /tunein.png (./web/tunein.png)
[2022-04-07  14:53:43] INFO admin/admin.c Received admin command listclients.xsl on mount "/live.ts"
[2022-04-07  14:53:43] INFO fserve/fserve.c checking for file /style.css (./web/style.css)
[2022-04-07  14:53:43] INFO fserve/fserve.c checking for file /tunein.png (./web/tunein.png)
[2022-04-07  14:54:21] INFO admin/admin.c Received admin command listclients.xsl on mount "/live.ts"
[2022-04-07  14:54:21] INFO fserve/fserve.c checking for file /style.css (./web/style.css)
[2022-04-07  14:54:21] INFO fserve/fserve.c checking for file /tunein.png (./web/tunein.png)
[2022-04-07  14:54:24] INFO fserve/fserve.c checking for file /style.css (./web/style.css)
[2022-04-07  14:54:44] INFO fserve/fserve.c checking for file /style.css (./web/style.css)
[2022-04-07  14:54:45] INFO fserve/fserve.c checking for file /tunein.png (./web/tunein.png)
[2022-04-07  15:01:58] INFO source/source.c listener count on /live.ts now 1
[2022-04-07  15:02:08] INFO source/source.c listener count on /live.ts now 2
[2022-04-07  15:04:06] INFO fserve/fserve.c checking for file /style.css (./web/style.css)
[2022-04-07  15:04:06] INFO fserve/fserve.c checking for file /tunein.png (./web/tunein.png)
[2022-04-07  15:23:04] INFO fserve/fserve.c checking for file /style.css (./web/style.css)
[2022-04-07  15:23:04] INFO fserve/fserve.c checking for file /icecast.png (./web/icecast.png)
[2022-04-07  15:23:04] INFO fserve/fserve.c checking for file /tunein.png (./web/tunein.png)
[2022-04-07  15:30:13] INFO fserve/fserve.c checking for file /style.css (./web/style.css)
[2022-04-07  15:30:13] INFO fserve/fserve.c checking for file /icecast.png (./web/icecast.png)
[2022-04-07  15:30:13] INFO fserve/fserve.c checking for file /tunein.png (./web/tunein.png)
[2022-04-07  15:31:14] INFO fserve/fserve.c checking for file /style.css (./web/style.css)
[2022-04-07  15:31:14] INFO fserve/fserve.c checking for file /icecast.png (./web/icecast.png)
[2022-04-07  15:31:14] INFO fserve/fserve.c checking for file /tunein.png (./web/tunein.png)
[2022-04-07  15:31:16] INFO fserve/fserve.c checking for file /style.css (./web/style.css)
[2022-04-07  15:31:16] INFO fserve/fserve.c checking for file /tunein.png (./web/tunein.png)
[2022-04-07  15:31:18] INFO admin/admin.c Received admin command listclients.xsl on mount "/live.ts"
[2022-04-07  15:31:18] INFO fserve/fserve.c checking for file /style.css (./web/style.css)
[2022-04-07  15:31:19] INFO fserve/fserve.c checking for file /tunein.png (./web/tunein.png)
[2022-04-07  15:31:20] INFO fserve/fserve.c checking for file /style.css (./web/style.css)
[2022-04-07  15:31:41] INFO fserve/fserve.c checking for file /style.css (./web/style.css)
[2022-04-07  15:31:41] INFO fserve/fserve.c checking for file /tunein.png (./web/tunein.png)
[2022-04-07  15:31:43] INFO fserve/fserve.c checking for file /style.css (./web/style.css)
[2022-04-07  15:31:44] INFO fserve/fserve.c checking for file /icecast.png (./web/icecast.png)
[2022-04-07  15:31:44] INFO fserve/fserve.c checking for file /tunein.png (./web/tunein.png)
[2022-04-07  15:39:22] INFO source/source.c End of Stream /live.ts
[2022-04-07  15:39:22] INFO source/source.c Source from 127.0.0.1 at "/live.ts" exiting
[2022-04-07  15:39:22] INFO source/source.c 2 active listeners on /live.ts released
[2022-04-07  15:39:25] INFO fserve/fserve.c checking for file /live.ts (./web/live.ts)
[2022-04-07  15:39:25] WARN fserve/fserve.c req for file "./web/live.ts" No such file or directory
[2022-04-07  15:39:27] INFO fserve/fserve.c checking for file /live.ts (./web/live.ts)
[2022-04-07  15:39:27] WARN fserve/fserve.c req for file "./web/live.ts" No such file or directory
[2022-04-07  21:10:44] INFO main/main.c Icecast 2.4.4 server started
[2022-04-07  21:10:44] INFO yp/yp.c YP update thread started
[2022-04-07  21:10:45] INFO connection/connection.c No SSL capability on any configured ports
[2022-04-07  21:11:45] INFO fserve/fserve.c checking for file /style.css (./web/style.css)
[2022-04-07  21:11:46] INFO fserve/fserve.c checking for file /icecast.png (./web/icecast.png)
[2022-04-07  21:12:10] INFO fserve/fserve.c checking for file /style.css (./web/style.css)
[2022-04-07  21:12:43] INFO fserve/fserve.c checking for file /style.css (./web/style.css)
[2022-04-07  21:12:43] INFO fserve/fserve.c checking for file /icecast.png (./web/icecast.png)
[2022-04-07  21:13:13] INFO main/main.c Icecast 2.4.4 server started
[2022-04-07  21:13:13] INFO yp/yp.c YP update thread started
[2022-04-07  21:13:13] INFO connection/connection.c No SSL capability on any configured ports
[2022-04-07  21:14:13] INFO fserve/fserve.c checking for file /style.css (./web/style.css)
[2022-04-07  21:14:13] INFO fserve/fserve.c checking for file /icecast.png (./web/icecast.png)
[2022-04-07  21:14:13] INFO fserve/fserve.c checking for file /favicon.ico (./web/favicon.ico)
[2022-04-07  21:14:13] WARN fserve/fserve.c req for file "./web/favicon.ico" No such file or directory
[2022-04-07  21:14:35] INFO admin/admin.c Bad or missing password on admin command request (command: )
[2022-04-07  21:15:06] INFO fserve/fserve.c checking for file /style.css (./web/style.css)
[2022-04-07  21:15:20] INFO fserve/fserve.c checking for file /style.css (./web/style.css)
[2022-04-07  21:15:24] INFO fserve/fserve.c checking for file /style.css (./web/style.css)
[2022-04-07  21:15:42] INFO fserve/fserve.c checking for file /style.css (./web/style.css)
[2022-04-07  21:15:56] INFO fserve/fserve.c checking for file /style.css (./web/style.css)
[2022-04-07  21:15:56] INFO fserve/fserve.c checking for file /icecast.png (./web/icecast.png)
[2022-04-07  21:16:10] INFO fserve/fserve.c checking for file /style.css (./web/style.css)
[2022-04-07  21:16:10] INFO fserve/fserve.c checking for file /icecast.png (./web/icecast.png)
[2022-04-07  21:16:23] INFO fserve/fserve.c checking for file /style.css (./web/style.css)
[2022-04-07  21:16:26] INFO fserve/fserve.c checking for file /style.css (./web/style.css)
[2022-04-07  21:18:53] INFO fserve/fserve.c checking for file /live.ts (./web/live.ts)
[2022-04-07  21:18:53] WARN fserve/fserve.c req for file "./web/live.ts" No such file or directory
[2022-04-07  21:18:55] INFO fserve/fserve.c checking for file /live.ts (./web/live.ts)
[2022-04-07  21:18:55] WARN fserve/fserve.c req for file "./web/live.ts" No such file or directory
[2022-04-07  21:19:00] INFO fserve/fserve.c checking for file /live.ts (./web/live.ts)
[2022-04-07  21:19:00] WARN fserve/fserve.c req for file "./web/live.ts" No such file or directory
[2022-04-07  21:19:02] INFO fserve/fserve.c checking for file /live.ts (./web/live.ts)
[2022-04-07  21:19:02] WARN fserve/fserve.c req for file "./web/live.ts" No such file or directory
[2022-04-07  21:20:18] INFO connection/connection.c Source logging in at mountpoint "/live.ts" from 127.0.0.1
[2022-04-07  21:20:18] WARN format/format.c Unsupported or legacy stream type: "video/mp4". Falling back to generic minimal handler for best effort.
[2022-04-07  21:20:18] WARN connection/connection.c OS doesn't support case insenestive substring checks...
[2022-04-07  21:20:18] WARN stats/stats.c No charset found for "ISO8859-1"
[2022-04-07  21:20:18] WARN stats/stats.c No charset found for "ISO8859-1"
[2022-04-07  21:20:18] WARN stats/stats.c No charset found for "ISO8859-1"
[2022-04-07  21:20:18] INFO source/source.c listener count on /live.ts now 0
[2022-04-07  21:20:38] INFO fserve/fserve.c checking for file /style.css (./web/style.css)
[2022-04-07  21:20:38] INFO fserve/fserve.c checking for file /tunein.png (./web/tunein.png)
[2022-04-07  21:21:17] INFO source/source.c listener count on /live.ts now 1
[2022-04-07  21:21:33] INFO fserve/fserve.c checking for file /style.css (./web/style.css)
[2022-04-07  21:21:34] INFO fserve/fserve.c checking for file /tunein.png (./web/tunein.png)
[2022-04-07  21:22:40] INFO source/source.c listener count on /live.ts now 2
[2022-04-07  21:22:44] INFO fserve/fserve.c checking for file /style.css (./web/style.css)
[2022-04-07  21:22:44] INFO fserve/fserve.c checking for file /tunein.png (./web/tunein.png)
[2022-04-07  21:23:34] INFO admin/admin.c Received admin command listclients.xsl on mount "/live.ts"
[2022-04-07  21:23:34] INFO fserve/fserve.c checking for file /style.css (./web/style.css)
[2022-04-07  21:23:34] INFO fserve/fserve.c checking for file /tunein.png (./web/tunein.png)
[2022-04-07  21:23:54] INFO admin/admin.c Received admin command listclients.xsl on mount "/live.ts"
[2022-04-07  21:23:54] INFO fserve/fserve.c checking for file /style.css (./web/style.css)
[2022-04-07  21:23:54] INFO fserve/fserve.c checking for file /tunein.png (./web/tunein.png)
[2022-04-07  21:23:56] INFO admin/admin.c Received admin command updatemetadata.xsl on mount "/live.ts"
[2022-04-07  21:23:56] INFO fserve/fserve.c checking for file /style.css (./web/style.css)
[2022-04-07  21:23:58] INFO admin/admin.c Received admin command listclients.xsl on mount "/live.ts"
[2022-04-07  21:23:59] INFO fserve/fserve.c checking for file /style.css (./web/style.css)
[2022-04-07  21:24:03] INFO admin/admin.c Received admin command moveclients.xsl on mount "/live.ts"
[2022-04-07  21:24:03] INFO fserve/fserve.c checking for file /style.css (./web/style.css)
[2022-04-07  21:24:04] INFO admin/admin.c Received admin command listclients.xsl on mount "/live.ts"
[2022-04-07  21:24:04] INFO fserve/fserve.c checking for file /style.css (./web/style.css)
[2022-04-07  21:24:15] INFO fserve/fserve.c checking for file /style.css (./web/style.css)
[2022-04-07  21:24:15] INFO fserve/fserve.c checking for file /tunein.png (./web/tunein.png)
[2022-04-07  21:24:39] INFO fserve/fserve.c checking for file /style.css (./web/style.css)
[2022-04-07  21:24:40] INFO fserve/fserve.c checking for file /tunein.png (./web/tunein.png)
[2022-04-07  21:24:40] INFO fserve/fserve.c checking for file /style.css (./web/style.css)
[2022-04-07  21:24:40] INFO fserve/fserve.c checking for file /tunein.png (./web/tunein.png)
[2022-04-07  21:24:42] INFO fserve/fserve.c checking for file /style.css (./web/style.css)
[2022-04-07  21:24:42] INFO fserve/fserve.c checking for file /icecast.png (./web/icecast.png)
[2022-04-07  21:24:42] INFO fserve/fserve.c checking for file /tunein.png (./web/tunein.png)
[2022-04-07  21:25:21] INFO fserve/fserve.c checking for file /style.css (./web/style.css)
[2022-04-07  21:25:21] INFO fserve/fserve.c checking for file /tunein.png (./web/tunein.png)
[2022-04-07  21:25:25] INFO admin/admin.c Received admin command listclients.xsl on mount "/live.ts"
[2022-04-07  21:25:25] INFO fserve/fserve.c checking for file /style.css (./web/style.css)
[2022-04-07  21:25:25] INFO fserve/fserve.c checking for file /tunein.png (./web/tunein.png)
[2022-04-07  21:25:27] INFO fserve/fserve.c checking for file /style.css (./web/style.css)
[2022-04-07  21:25:28] INFO admin/admin.c Received admin command moveclients.xsl on mount "/live.ts"
[2022-04-07  21:25:28] INFO fserve/fserve.c checking for file /style.css (./web/style.css)
[2022-04-07  21:25:29] INFO fserve/fserve.c checking for file /style.css (./web/style.css)
[2022-04-07  21:25:30] INFO admin/admin.c Received admin command updatemetadata.xsl on mount "/live.ts"
[2022-04-07  21:25:31] INFO fserve/fserve.c checking for file /style.css (./web/style.css)
[2022-04-07  21:25:31] INFO fserve/fserve.c checking for file /style.css (./web/style.css)
[2022-04-07  21:25:34] INFO fserve/fserve.c checking for file /style.css (./web/style.css)
[2022-04-07  21:25:34] INFO fserve/fserve.c checking for file /tunein.png (./web/tunein.png)
[2022-04-07  21:25:35] INFO fserve/fserve.c checking for file /style.css (./web/style.css)
[2022-04-07  21:25:35] INFO fserve/fserve.c checking for file /tunein.png (./web/tunein.png)
[2022-04-07  21:25:36] INFO fserve/fserve.c checking for file /style.css (./web/style.css)
[2022-04-07  21:25:37] INFO fserve/fserve.c checking for file /icecast.png (./web/icecast.png)
[2022-04-07  21:25:37] INFO fserve/fserve.c checking for file /tunein.png (./web/tunein.png)
[2022-04-07  21:26:17] INFO source/source.c End of Stream /live.ts
[2022-04-07  21:26:17] INFO source/source.c Source from 127.0.0.1 at "/live.ts" exiting
[2022-04-07  21:26:17] INFO source/source.c 2 active listeners on /live.ts released
